<?xml version="1.0" encoding="UTF-8"?>
<testsuite xmlns:xsi="http://www.w3.org/2001/XMLSchema-instance" xsi:noNamespaceSchemaLocation="https://maven.apache.org/surefire/maven-surefire-plugin/xsd/surefire-test-report-3.0.xsd" version="3.0" name="runners.TestRunner" time="70.251" tests="3" errors="3" skipped="0" failures="0">
  <properties>
[...]
</properties>
  <testcase name="Success Login on the app" classname="Test for Demo App" time="23.44">
    <error message="Could not start a new session. Response code 500. Message: Cannot start the &apos;com.saucelabs.mydemoapp.android&apos; application. Consider checking the driver&apos;s troubleshooting documentation. Original error: &apos;.view.activities.SplashActivity&apos; or &apos;com.saucelabs.mydemoapp.android.view.activities.SplashActivity&apos; never started. Consider checking the driver&apos;s troubleshooting documentation. &#10;Host info: host: &apos;fedora&apos;, ip: &apos;192.168.0.182&apos;&#10;Build info: version: &apos;4.41.0&apos;, revision: &apos;9fc754f&apos;&#10;System info: os.name: &apos;Linux&apos;, os.arch: &apos;amd64&apos;, os.version: &apos;6.18.16-200.fc43.x86_64&apos;, java.version: &apos;25.0.2&apos;&#10;Driver info: io.appium.java_client.AppiumDriver&#10;Command: [null, newSession {capabilities=[Capabilities {appium:appPackage: com.saucelabs.mydemoapp.and..., appium:automationName: uiAutomator2, appium:deviceName: AOSP on IA Emulator, appium:platformName: Android, appium:platformVersion: 9, appium:resetKeyboard: true, appium:udid: emulator-5554, appium:unicodeKeyboard: true}]}]&#10;Capabilities {appium:appPackage: com.saucelabs.mydemoapp.and..., appium:automationName: uiAutomator2, appium:deviceName: AOSP on IA Emulator, appium:platformName: Android, appium:platformVersion: 9, appium:resetKeyboard: true, appium:udid: emulator-5554, appium:unicodeKeyboard: true}" type="org.openqa.selenium.SessionNotCreatedException"><![CDATA[org.openqa.selenium.SessionNotCreatedException: 
Could not start a new session. Response code 500. Message: Cannot start the 'com.saucelabs.mydemoapp.android' application. Consider checking the driver's troubleshooting documentation. Original error: '.view.activities.SplashActivity' or 'com.saucelabs.mydemoapp.android.view.activities.SplashActivity' never started. Consider checking the driver's troubleshooting documentation. 
Host info: host: 'fedora', ip: '192.168.0.182'
Build info: version: '4.41.0', revision: '9fc754f'
System info: os.name: 'Linux', os.arch: 'amd64', os.version: '6.18.16-200.fc43.x86_64', java.version: '25.0.2'
Driver info: io.appium.java_client.AppiumDriver
Command: [null, newSession {capabilities=[Capabilities {appium:appPackage: com.saucelabs.mydemoapp.and..., appium:automationName: uiAutomator2, appium:deviceName: AOSP on IA Emulator, appium:platformName: Android, appium:platformVersion: 9, appium:resetKeyboard: true, appium:udid: emulator-5554, appium:unicodeKeyboard: true}]}]
Capabilities {appium:appPackage: com.saucelabs.mydemoapp.and..., appium:automationName: uiAutomator2, appium:deviceName: AOSP on IA Emulator, appium:platformName: Android, appium:platformVersion: 9, appium:resetKeyboard: true, appium:udid: emulator-5554, appium:unicodeKeyboard: true}
	at org.openqa.selenium.remote.ProtocolHandshake.createSession(ProtocolHandshake.java:114)
	at org.openqa.selenium.remote.ProtocolHandshake.createSession(ProtocolHandshake.java:75)
	at org.openqa.selenium.remote.ProtocolHandshake.createSession(ProtocolHandshake.java:61)
	at io.appium.java_client.remote.AppiumCommandExecutor.createSession(AppiumCommandExecutor.java:178)
	at io.appium.java_client.remote.AppiumCommandExecutor.execute(AppiumCommandExecutor.java:243)
	at org.openqa.selenium.remote.RemoteWebDriver.execute(RemoteWebDriver.java:604)
	at io.appium.java_client.AppiumDriver.startSession(AppiumDriver.java:308)
	at org.openqa.selenium.remote.RemoteWebDriver.<init>(RemoteWebDriver.java:211)
	at org.openqa.selenium.remote.RemoteWebDriver.<init>(RemoteWebDriver.java:197)
	at io.appium.java_client.AppiumDriver.<init>(AppiumDriver.java:98)
	at io.appium.java_client.AppiumDriver.<init>(AppiumDriver.java:109)
	at stepdefinitions.DemoApp.user_navigates_to_app(DemoApp.java:32)
	at ✽.User navigates to app(file:///home/auzan/Documents/code/mdaTest/src/test/java/features/DemoTest.feature:4)
]]></error>
  </testcase>
  <testcase name="Success Purchase Selected Product" classname="Test for Demo App" time="23.817">
    <error message="Could not start a new session. Response code 500. Message: Cannot start the &apos;com.saucelabs.mydemoapp.android&apos; application. Consider checking the driver&apos;s troubleshooting documentation. Original error: &apos;.view.activities.SplashActivity&apos; or &apos;com.saucelabs.mydemoapp.android.view.activities.SplashActivity&apos; never started. Consider checking the driver&apos;s troubleshooting documentation. &#10;Host info: host: &apos;fedora&apos;, ip: &apos;192.168.0.182&apos;&#10;Build info: version: &apos;4.41.0&apos;, revision: &apos;9fc754f&apos;&#10;System info: os.name: &apos;Linux&apos;, os.arch: &apos;amd64&apos;, os.version: &apos;6.18.16-200.fc43.x86_64&apos;, java.version: &apos;25.0.2&apos;&#10;Driver info: io.appium.java_client.AppiumDriver&#10;Command: [null, newSession {capabilities=[Capabilities {appium:appPackage: com.saucelabs.mydemoapp.and..., appium:automationName: uiAutomator2, appium:deviceName: AOSP on IA Emulator, appium:platformName: Android, appium:platformVersion: 9, appium:resetKeyboard: true, appium:udid: emulator-5554, appium:unicodeKeyboard: true}]}]&#10;Capabilities {appium:appPackage: com.saucelabs.mydemoapp.and..., appium:automationName: uiAutomator2, appium:deviceName: AOSP on IA Emulator, appium:platformName: Android, appium:platformVersion: 9, appium:resetKeyboard: true, appium:udid: emulator-5554, appium:unicodeKeyboard: true}" type="org.openqa.selenium.SessionNotCreatedException"><![CDATA[org.openqa.selenium.SessionNotCreatedException: 
Could not start a new session. Response code 500. Message: Cannot start the 'com.saucelabs.mydemoapp.android' application. Consider checking the driver's troubleshooting documentation. Original error: '.view.activities.SplashActivity' or 'com.saucelabs.mydemoapp.android.view.activities.SplashActivity' never started. Consider checking the driver's troubleshooting documentation. 
Host info: host: 'fedora', ip: '192.168.0.182'
Build info: version: '4.41.0', revision: '9fc754f'
System info: os.name: 'Linux', os.arch: 'amd64', os.version: '6.18.16-200.fc43.x86_64', java.version: '25.0.2'
Driver info: io.appium.java_client.AppiumDriver
Command: [null, newSession {capabilities=[Capabilities {appium:appPackage: com.saucelabs.mydemoapp.and..., appium:automationName: uiAutomator2, appium:deviceName: AOSP on IA Emulator, appium:platformName: Android, appium:platformVersion: 9, appium:resetKeyboard: true, appium:udid: emulator-5554, appium:unicodeKeyboard: true}]}]
Capabilities {appium:appPackage: com.saucelabs.mydemoapp.and..., appium:automationName: uiAutomator2, appium:deviceName: AOSP on IA Emulator, appium:platformName: Android, appium:platformVersion: 9, appium:resetKeyboard: true, appium:udid: emulator-5554, appium:unicodeKeyboard: true}
	at org.openqa.selenium.remote.ProtocolHandshake.createSession(ProtocolHandshake.java:114)
	at org.openqa.selenium.remote.ProtocolHandshake.createSession(ProtocolHandshake.java:75)
	at org.openqa.selenium.remote.ProtocolHandshake.createSession(ProtocolHandshake.java:61)
	at io.appium.java_client.remote.AppiumCommandExecutor.createSession(AppiumCommandExecutor.java:178)
	at io.appium.java_client.remote.AppiumCommandExecutor.execute(AppiumCommandExecutor.java:243)
	at org.openqa.selenium.remote.RemoteWebDriver.execute(RemoteWebDriver.java:604)
	at io.appium.java_client.AppiumDriver.startSession(AppiumDriver.java:308)
	at org.openqa.selenium.remote.RemoteWebDriver.<init>(RemoteWebDriver.java:211)
	at org.openqa.selenium.remote.RemoteWebDriver.<init>(RemoteWebDriver.java:197)
	at io.appium.java_client.AppiumDriver.<init>(AppiumDriver.java:98)
	at io.appium.java_client.AppiumDriver.<init>(AppiumDriver.java:109)
	at stepdefinitions.DemoApp.user_navigates_to_app(DemoApp.java:32)
	at ✽.User navigates to app(file:///home/auzan/Documents/code/mdaTest/src/test/java/features/DemoTest.feature:9)
]]></error>
  </testcase>
  <testcase name="Success sorting product" classname="Test for Demo App" time="22.743">
    <error message="Could not start a new session. Response code 500. Message: Cannot start the &apos;com.saucelabs.mydemoapp.android&apos; application. Consider checking the driver&apos;s troubleshooting documentation. Original error: &apos;.view.activities.SplashActivity&apos; or &apos;com.saucelabs.mydemoapp.android.view.activities.SplashActivity&apos; never started. Consider checking the driver&apos;s troubleshooting documentation. &#10;Host info: host: &apos;fedora&apos;, ip: &apos;192.168.0.182&apos;&#10;Build info: version: &apos;4.41.0&apos;, revision: &apos;9fc754f&apos;&#10;System info: os.name: &apos;Linux&apos;, os.arch: &apos;amd64&apos;, os.version: &apos;6.18.16-200.fc43.x86_64&apos;, java.version: &apos;25.0.2&apos;&#10;Driver info: io.appium.java_client.AppiumDriver&#10;Command: [null, newSession {capabilities=[Capabilities {appium:appPackage: com.saucelabs.mydemoapp.and..., appium:automationName: uiAutomator2, appium:deviceName: AOSP on IA Emulator, appium:platformName: Android, appium:platformVersion: 9, appium:resetKeyboard: true, appium:udid: emulator-5554, appium:unicodeKeyboard: true}]}]&#10;Capabilities {appium:appPackage: com.saucelabs.mydemoapp.and..., appium:automationName: uiAutomator2, appium:deviceName: AOSP on IA Emulator, appium:platformName: Android, appium:platformVersion: 9, appium:resetKeyboard: true, appium:udid: emulator-5554, appium:unicodeKeyboard: true}" type="org.openqa.selenium.SessionNotCreatedException"><![CDATA[org.openqa.selenium.SessionNotCreatedException: 
Could not start a new session. Response code 500. Message: Cannot start the 'com.saucelabs.mydemoapp.android' application. Consider checking the driver's troubleshooting documentation. Original error: '.view.activities.SplashActivity' or 'com.saucelabs.mydemoapp.android.view.activities.SplashActivity' never started. Consider checking the driver's troubleshooting documentation. 
Host info: host: 'fedora', ip: '192.168.0.182'
Build info: version: '4.41.0', revision: '9fc754f'
System info: os.name: 'Linux', os.arch: 'amd64', os.version: '6.18.16-200.fc43.x86_64', java.version: '25.0.2'
Driver info: io.appium.java_client.AppiumDriver
Command: [null, newSession {capabilities=[Capabilities {appium:appPackage: com.saucelabs.mydemoapp.and..., appium:automationName: uiAutomator2, appium:deviceName: AOSP on IA Emulator, appium:platformName: Android, appium:platformVersion: 9, appium:resetKeyboard: true, appium:udid: emulator-5554, appium:unicodeKeyboard: true}]}]
Capabilities {appium:appPackage: com.saucelabs.mydemoapp.and..., appium:automationName: uiAutomator2, appium:deviceName: AOSP on IA Emulator, appium:platformName: Android, appium:platformVersion: 9, appium:resetKeyboard: true, appium:udid: emulator-5554, appium:unicodeKeyboard: true}
	at org.openqa.selenium.remote.ProtocolHandshake.createSession(ProtocolHandshake.java:114)
	at org.openqa.selenium.remote.ProtocolHandshake.createSession(ProtocolHandshake.java:75)
	at org.openqa.selenium.remote.ProtocolHandshake.createSession(ProtocolHandshake.java:61)
	at io.appium.java_client.remote.AppiumCommandExecutor.createSession(AppiumCommandExecutor.java:178)
	at io.appium.java_client.remote.AppiumCommandExecutor.execute(AppiumCommandExecutor.java:243)
	at org.openqa.selenium.remote.RemoteWebDriver.execute(RemoteWebDriver.java:604)
	at io.appium.java_client.AppiumDriver.startSession(AppiumDriver.java:308)
	at org.openqa.selenium.remote.RemoteWebDriver.<init>(RemoteWebDriver.java:211)
	at org.openqa.selenium.remote.RemoteWebDriver.<init>(RemoteWebDriver.java:197)
	at io.appium.java_client.AppiumDriver.<init>(AppiumDriver.java:98)
	at io.appium.java_client.AppiumDriver.<init>(AppiumDriver.java:109)
	at stepdefinitions.DemoApp.user_navigates_to_app(DemoApp.java:32)
	at ✽.User navigates to app(file:///home/auzan/Documents/code/mdaTest/src/test/java/features/DemoTest.feature:15)
]]></error>
  </testcase>
</testsuite>